Using pre-set license
Built from '2020.3/staging' branch; Version is '2020.3.25f1 (9b9180224418) revision 10195328'; Using compiler version '192528614'; Build Type 'Release'
OS: 'Windows 10  (10.0.18363) 64bit Professional' Language: 'zh' Physical Memory: 16319 MB
BatchMode: 1, IsHumanControllingUs: 0, StartBugReporterOnCrash: 0, Is64bit: 1, IsPro: 0

COMMAND LINE ARGUMENTS:
C:\Program Files\Unity\Hub\Editor\2020.3.25f1\Editor\Unity.exe
-adb2
-batchMode
-noUpm
-name
AssetImportWorker0
-projectPath
C:/Users/Appedu/Desktop/suen/unity-running-20211218/2D-running-20211218
-logFile
Logs/AssetImportWorker0.log
-srvPort
65343
Successfully changed project path to: C:/Users/Appedu/Desktop/suen/unity-running-20211218/2D-running-20211218
C:/Users/Appedu/Desktop/suen/unity-running-20211218/2D-running-20211218
Using Asset Import Pipeline V2.
Refreshing native plugins compatible for Editor in 47.25 ms, found 3 plugins.
Preloading 0 native plugins for Editor in 0.00 ms.
Initialize engine version: 2020.3.25f1 (9b9180224418)
[Subsystems] Discovering subsystems at path C:/Program Files/Unity/Hub/Editor/2020.3.25f1/Editor/Data/Resources/UnitySubsystems
[Subsystems] Discovering subsystems at path C:/Users/Appedu/Desktop/suen/unity-running-20211218/2D-running-20211218/Assets
GfxDevice: creating device client; threaded=0
Direct3D:
    Version:  Direct3D 11.0 [level 11.1]
    Renderer: NVIDIA Quadro P620 (ID=0x1cb6)
    Vendor:   
    VRAM:     1977 MB
    Driver:   30.0.14.7247
Initialize mono
Mono path[0] = 'C:/Program Files/Unity/Hub/Editor/2020.3.25f1/Editor/Data/Managed'
Mono path[1] = 'C:/Program Files/Unity/Hub/Editor/2020.3.25f1/Editor/Data/MonoBleedingEdge/lib/mono/unityjit'
Mono config path = 'C:/Program Files/Unity/Hub/Editor/2020.3.25f1/Editor/Data/MonoBleedingEdge/etc'
Using monoOptions --debugger-agent=transport=dt_socket,embedding=1,server=y,suspend=n,address=127.0.0.1:56044
Begin MonoManager ReloadAssembly
Registering precompiled unity dll's ...
Register platform support module: C:/Program Files/Unity/Hub/Editor/2020.3.25f1/Editor/Data/PlaybackEngines/WindowsStandaloneSupport/UnityEditor.WindowsStandalone.Extensions.dll
Registered in 0.001477 seconds.
Native extension for WindowsStandalone target not found
Refreshing native plugins compatible for Editor in 59.81 ms, found 3 plugins.
Preloading 0 native plugins for Editor in 0.00 ms.
Unable to find bridge dll in registry for Microsoft Visual Studio Tools for Unity for C:\Program Files (x86)\Microsoft Visual Studio\2019\Community\Common7\IDE\devenv.exe
Mono: successfully reloaded assembly
- Completed reload, in  0.637 seconds
Domain Reload Profiling:
	ReloadAssembly (637ms)
		BeginReloadAssembly (50ms)
			ExecutionOrderSort (0ms)
			DisableScriptedObjects (0ms)
			BackupInstance (0ms)
			ReleaseScriptingObjects (0ms)
			CreateAndSetChildDomain (1ms)
		EndReloadAssembly (518ms)
			LoadAssemblies (48ms)
			RebuildTransferFunctionScriptingTraits (0ms)
			SetupTypeCache (151ms)
			ReleaseScriptCaches (0ms)
			RebuildScriptCaches (38ms)
			SetupLoadedEditorAssemblies (228ms)
				LogAssemblyErrors (0ms)
				InitializePlatformSupportModulesInManaged (5ms)
				SetLoadedEditorAssemblies (0ms)
				RefreshPlugins (60ms)
				BeforeProcessingInitializeOnLoad (27ms)
				ProcessInitializeOnLoadAttributes (105ms)
				ProcessInitializeOnLoadMethodAttributes (30ms)
				AfterProcessingInitializeOnLoad (0ms)
				EditorAssembliesLoaded (0ms)
			ExecutionOrderSort2 (0ms)
			AwakeInstancesAfterBackupRestoration (0ms)
Platform modules already initialized, skipping
Registering precompiled user dll's ...
Registered in 0.005568 seconds.
Begin MonoManager ReloadAssembly
Native extension for WindowsStandalone target not found
Refreshing native plugins compatible for Editor in 46.70 ms, found 3 plugins.
Preloading 0 native plugins for Editor in 0.00 ms.
Mono: successfully reloaded assembly
- Completed reload, in  1.137 seconds
Domain Reload Profiling:
	ReloadAssembly (1138ms)
		BeginReloadAssembly (161ms)
			ExecutionOrderSort (0ms)
			DisableScriptedObjects (5ms)
			BackupInstance (0ms)
			ReleaseScriptingObjects (0ms)
			CreateAndSetChildDomain (19ms)
		EndReloadAssembly (919ms)
			LoadAssemblies (87ms)
			RebuildTransferFunctionScriptingTraits (0ms)
			SetupTypeCache (293ms)
			ReleaseScriptCaches (1ms)
			RebuildScriptCaches (49ms)
			SetupLoadedEditorAssemblies (350ms)
				LogAssemblyErrors (0ms)
				InitializePlatformSupportModulesInManaged (4ms)
				SetLoadedEditorAssemblies (0ms)
				RefreshPlugins (47ms)
				BeforeProcessingInitializeOnLoad (86ms)
				ProcessInitializeOnLoadAttributes (192ms)
				ProcessInitializeOnLoadMethodAttributes (16ms)
				AfterProcessingInitializeOnLoad (5ms)
				EditorAssembliesLoaded (0ms)
			ExecutionOrderSort2 (0ms)
			AwakeInstancesAfterBackupRestoration (6ms)
Platform modules already initialized, skipping
========================================================================
Worker process is ready to serve import requests
Launched and connected shader compiler UnityShaderCompiler.exe after 0.05 seconds
Refreshing native plugins compatible for Editor in 0.73 ms, found 3 plugins.
Preloading 0 native plugins for Editor in 0.00 ms.
Unloading 2194 Unused Serialized files (Serialized files now loaded: 0)
System memory in use before: 95.8 MB.
System memory in use after: 95.9 MB.

Unloading 28 unused Assets to reduce memory usage. Loaded Objects now: 2627.
Total: 3.654500 ms (FindLiveObjects: 0.475600 ms CreateObjectMapping: 0.150200 ms MarkObjects: 2.909200 ms  DeleteObjects: 0.118400 ms)

AssetImportParameters requested are different than current active one (requested -> active):
  custom:framework-win-MediaFoundation: 216162199b28c13a410421893ffa2e32 -> 
  custom:video-decoder-ogg-theora: a1e56fd34408186e4bbccfd4996cb3dc -> 
  custom:container-muxer-webm: aa71ff27fc2769a1b78a27578f13a17b -> 
  custom:container-demuxer-webm: 4f35f7cbe854078d1ac9338744f61a02 -> 
  custom:container-demuxer-ogg: 62fdf1f143b41e24485cea50d1cbac27 -> 
  custom:video-encoder-webm-vp8: eb34c28f22e8b96e1ab97ce403110664 -> 
  custom:video-decoder-webm-vp8: 9c59270c3fd7afecdb556c50c9e8de78 -> 
  custom:audio-decoder-ogg-vorbis: bf7c407c2cedff20999df2af8eb42d56 -> 
  custom:audio-encoder-webm-vorbis: bf7c407c2cedff20999df2af8eb42d56 -> 
========================================================================
Received Import Request.
  path: Assets/02_KID_LOGO.png
  artifactKey: Guid(4ebb4cb5f765be44ca46be62ed5d8de2) Importer(815301076,1909f56bfc062723c751e8b465ee728b)
Start importing Assets/02_KID_LOGO.png using Guid(4ebb4cb5f765be44ca46be62ed5d8de2) Importer(815301076,1909f56bfc062723c751e8b465ee728b)  -> (artifact id: 'ed64bb59453a787c4c0b599ccdcb01fc') in 0.206664 seconds 
  Import took 0.211016 seconds .

========================================================================
Received Import Request.
  Time since last request: 554.207060 seconds.
  path: Assets/kid.png
  artifactKey: Guid(4ebb4cb5f765be44ca46be62ed5d8de2) Importer(815301076,1909f56bfc062723c751e8b465ee728b)
Start importing Assets/kid.png using Guid(4ebb4cb5f765be44ca46be62ed5d8de2) Importer(815301076,1909f56bfc062723c751e8b465ee728b)  -> (artifact id: '76d52550fbbce113e05ab01d3955f129') in 0.047566 seconds 
  Import took 0.053926 seconds .

========================================================================
Received Import Request.
  Time since last request: 1051.638656 seconds.
  path: Assets/png/BG.png
  artifactKey: Guid(a9d34746065f85f489cebf81f04fb54b) Importer(815301076,1909f56bfc062723c751e8b465ee728b)
Start importing Assets/png/BG.png using Guid(a9d34746065f85f489cebf81f04fb54b) Importer(815301076,1909f56bfc062723c751e8b465ee728b)  -> (artifact id: '30f44f5e5b19bfa1e2440fef5849aecf') in 0.065044 seconds 
  Import took 0.070836 seconds .

========================================================================
Received Import Request.
  Time since last request: 54.826853 seconds.
  path: Assets/場景素材/Objects/ArrowSign.png
  artifactKey: Guid(9a7528c321db05a45aebd51822507202) Importer(815301076,1909f56bfc062723c751e8b465ee728b)
Start importing Assets/場景素材/Objects/ArrowSign.png using Guid(9a7528c321db05a45aebd51822507202) Importer(815301076,1909f56bfc062723c751e8b465ee728b)  -> (artifact id: '0241330a4fe8259d67861e3fc02b126a') in 0.015080 seconds 
  Import took 0.020171 seconds .

========================================================================
Received Import Request.
  Time since last request: 0.000290 seconds.
  path: Assets/場景素材/Objects/Bush (1).png
  artifactKey: Guid(d3869383310650849ac266aac36b819d) Importer(815301076,1909f56bfc062723c751e8b465ee728b)
Start importing Assets/場景素材/Objects/Bush (1).png using Guid(d3869383310650849ac266aac36b819d) Importer(815301076,1909f56bfc062723c751e8b465ee728b)  -> (artifact id: '461453ca8041dbef193fd27b45d2b51f') in 0.021943 seconds 
  Import took 0.025298 seconds .

========================================================================
Received Import Request.
  Time since last request: 0.000300 seconds.
  path: Assets/場景素材/Objects/DeadBush.png
  artifactKey: Guid(86d0bcfe81a2f1c41b2f43806c19a7db) Importer(815301076,1909f56bfc062723c751e8b465ee728b)
Start importing Assets/場景素材/Objects/DeadBush.png using Guid(86d0bcfe81a2f1c41b2f43806c19a7db) Importer(815301076,1909f56bfc062723c751e8b465ee728b)  -> (artifact id: 'c2fc09551d7c868f70a3302d279ec709') in 0.018068 seconds 
  Import took 0.021480 seconds .

========================================================================
Received Import Request.
  Time since last request: 0.000270 seconds.
  path: Assets/場景素材/Objects/Crate.png
  artifactKey: Guid(8472574a7bad19540880569fd0015a01) Importer(815301076,1909f56bfc062723c751e8b465ee728b)
Start importing Assets/場景素材/Objects/Crate.png using Guid(8472574a7bad19540880569fd0015a01) Importer(815301076,1909f56bfc062723c751e8b465ee728b)  -> (artifact id: '4df426bceeb0c7af45228c659f0203a5') in 0.013281 seconds 
  Import took 0.017143 seconds .

========================================================================
Received Import Request.
  Time since last request: 0.000338 seconds.
  path: Assets/場景素材/Objects/Sign.png
  artifactKey: Guid(8b719f786336b374ab39c90511983923) Importer(815301076,1909f56bfc062723c751e8b465ee728b)
Start importing Assets/場景素材/Objects/Sign.png using Guid(8b719f786336b374ab39c90511983923) Importer(815301076,1909f56bfc062723c751e8b465ee728b)  -> (artifact id: 'a79b9dfc2d87a312255d36d892b232b9') in 0.012964 seconds 
  Import took 0.017276 seconds .

========================================================================
Received Import Request.
  Time since last request: 0.000422 seconds.
  path: Assets/場景素材/Objects/Skeleton.png
  artifactKey: Guid(9316611fe43c61d41b1ad3ebe5903427) Importer(815301076,1909f56bfc062723c751e8b465ee728b)
Start importing Assets/場景素材/Objects/Skeleton.png using Guid(9316611fe43c61d41b1ad3ebe5903427) Importer(815301076,1909f56bfc062723c751e8b465ee728b)  -> (artifact id: '60eb1fe681855db178017e6ba63f077a') in 0.013997 seconds 
  Import took 0.018490 seconds .

========================================================================
Received Import Request.
  Time since last request: 0.000331 seconds.
  path: Assets/場景素材/Objects/Bush (2).png
  artifactKey: Guid(b44e01035ab4144409d859a4b65fe5ce) Importer(815301076,1909f56bfc062723c751e8b465ee728b)
Start importing Assets/場景素材/Objects/Bush (2).png using Guid(b44e01035ab4144409d859a4b65fe5ce) Importer(815301076,1909f56bfc062723c751e8b465ee728b)  -> (artifact id: 'b10a29f71c7d54ef0353d3174930f738') in 0.013706 seconds 
  Import took 0.017979 seconds .

========================================================================
Received Import Request.
  Time since last request: 5.346029 seconds.
  path: Assets/場景素材/Tiles/Bone (1).png
  artifactKey: Guid(3967ee372e065ce4bada23de9189ce03) Importer(815301076,1909f56bfc062723c751e8b465ee728b)
Start importing Assets/場景素材/Tiles/Bone (1).png using Guid(3967ee372e065ce4bada23de9189ce03) Importer(815301076,1909f56bfc062723c751e8b465ee728b)  -> (artifact id: '6656b45262785ab9ed2a68512316ee9c') in 0.013184 seconds 
  Import took 0.017514 seconds .

========================================================================
Received Import Request.
  Time since last request: 0.000341 seconds.
  path: Assets/場景素材/Tiles/Bone (3).png
  artifactKey: Guid(dc6b5e11b55170c458b1237440ec93eb) Importer(815301076,1909f56bfc062723c751e8b465ee728b)
Start importing Assets/場景素材/Tiles/Bone (3).png using Guid(dc6b5e11b55170c458b1237440ec93eb) Importer(815301076,1909f56bfc062723c751e8b465ee728b)  -> (artifact id: 'eed5634895536ebdad5d1cf623a58a59') in 0.012500 seconds 
  Import took 0.015727 seconds .

========================================================================
Received Import Request.
  Time since last request: 0.000354 seconds.
  path: Assets/場景素材/Tiles/Bone (2).png
  artifactKey: Guid(e9a78cc713478d148b949e403394b55a) Importer(815301076,1909f56bfc062723c751e8b465ee728b)
Start importing Assets/場景素材/Tiles/Bone (2).png using Guid(e9a78cc713478d148b949e403394b55a) Importer(815301076,1909f56bfc062723c751e8b465ee728b)  -> (artifact id: '6088a8fc3d618869b545115e243e35b6') in 0.012750 seconds 
  Import took 0.017514 seconds .

========================================================================
Received Import Request.
  Time since last request: 0.000440 seconds.
  path: Assets/場景素材/Tiles/Tile (2).png
  artifactKey: Guid(ccf67780044defd458bdd3e867c6a2bd) Importer(815301076,1909f56bfc062723c751e8b465ee728b)
Start importing Assets/場景素材/Tiles/Tile (2).png using Guid(ccf67780044defd458bdd3e867c6a2bd) Importer(815301076,1909f56bfc062723c751e8b465ee728b)  -> (artifact id: 'f384f86c815f6685f059ef108bcd9093') in 0.013551 seconds 
  Import took 0.018724 seconds .

========================================================================
Received Import Request.
  Time since last request: 0.000244 seconds.
  path: Assets/場景素材/Tiles/Tile (1).png
  artifactKey: Guid(a50669ef0ac326944a4d0aca80d04e9d) Importer(815301076,1909f56bfc062723c751e8b465ee728b)
Start importing Assets/場景素材/Tiles/Tile (1).png using Guid(a50669ef0ac326944a4d0aca80d04e9d) Importer(815301076,1909f56bfc062723c751e8b465ee728b)  -> (artifact id: '841eb21f7d6d2e13469feeb7bd54a04e') in 0.013079 seconds 
  Import took 0.018025 seconds .

========================================================================
Received Import Request.
  Time since last request: 0.000290 seconds.
  path: Assets/場景素材/Tiles/Tile (3).png
  artifactKey: Guid(47f9c5d237de9d449bdfaeef27aa06d8) Importer(815301076,1909f56bfc062723c751e8b465ee728b)
Start importing Assets/場景素材/Tiles/Tile (3).png using Guid(47f9c5d237de9d449bdfaeef27aa06d8) Importer(815301076,1909f56bfc062723c751e8b465ee728b)  -> (artifact id: '17b1bfa7588c319b91c1a71fa83d9f79') in 0.012950 seconds 
  Import took 0.017797 seconds .

========================================================================
Received Import Request.
  Time since last request: 0.000324 seconds.
  path: Assets/場景素材/Tiles/Bone (4).png
  artifactKey: Guid(c1f8f7012593be34e9e8fc4160375feb) Importer(815301076,1909f56bfc062723c751e8b465ee728b)
Start importing Assets/場景素材/Tiles/Bone (4).png using Guid(c1f8f7012593be34e9e8fc4160375feb) Importer(815301076,1909f56bfc062723c751e8b465ee728b)  -> (artifact id: '4cba3e6e1d09e28eff052f8e79b2925c') in 0.012147 seconds 
  Import took 0.016313 seconds .

========================================================================
Received Import Request.
  Time since last request: 10.914362 seconds.
  path: Assets/場景素材/Objects/TombStone (1).png
  artifactKey: Guid(b3281d80fa48ebb46800ca50d9aabd0e) Importer(815301076,1909f56bfc062723c751e8b465ee728b)
Start importing Assets/場景素材/Objects/TombStone (1).png using Guid(b3281d80fa48ebb46800ca50d9aabd0e) Importer(815301076,1909f56bfc062723c751e8b465ee728b)  -> (artifact id: 'a316746d265a5bcc49e9fde81b7c0afc') in 0.011486 seconds 
  Import took 0.015892 seconds .

========================================================================
Received Import Request.
  Time since last request: 0.000311 seconds.
  path: Assets/場景素材/Objects/Tree.png
  artifactKey: Guid(74efab8d4c9ad0e4d9282c9325f6d38f) Importer(815301076,1909f56bfc062723c751e8b465ee728b)
Start importing Assets/場景素材/Objects/Tree.png using Guid(74efab8d4c9ad0e4d9282c9325f6d38f) Importer(815301076,1909f56bfc062723c751e8b465ee728b)  -> (artifact id: 'a8ecdb61a9e686887086a74e0db84ff8') in 0.013722 seconds 
  Import took 0.017830 seconds .

========================================================================
Received Import Request.
  Time since last request: 0.000335 seconds.
  path: Assets/場景素材/Objects/TombStone (2).png
  artifactKey: Guid(e27d184f1521dda46b9a04ce501ab0ca) Importer(815301076,1909f56bfc062723c751e8b465ee728b)
Start importing Assets/場景素材/Objects/TombStone (2).png using Guid(e27d184f1521dda46b9a04ce501ab0ca) Importer(815301076,1909f56bfc062723c751e8b465ee728b)  -> (artifact id: '3f80e1059e6eeddde04b3018b569f166') in 0.013907 seconds 
  Import took 0.018654 seconds .

========================================================================
Received Import Request.
  Time since last request: 3.467458 seconds.
  path: Assets/場景素材/Tiles/Tile (4).png
  artifactKey: Guid(8277ad1a54f41d340ac908a0eac1c8fc) Importer(815301076,1909f56bfc062723c751e8b465ee728b)
Start importing Assets/場景素材/Tiles/Tile (4).png using Guid(8277ad1a54f41d340ac908a0eac1c8fc) Importer(815301076,1909f56bfc062723c751e8b465ee728b)  -> (artifact id: '0b164752d4d63e2147c35385dab79172') in 0.019410 seconds 
  Import took 0.027147 seconds .

========================================================================
Received Import Request.
  Time since last request: 0.000331 seconds.
  path: Assets/場景素材/Tiles/Tile (6).png
  artifactKey: Guid(c47079db6df9ccb46b59dc400c8aad7c) Importer(815301076,1909f56bfc062723c751e8b465ee728b)
Start importing Assets/場景素材/Tiles/Tile (6).png using Guid(c47079db6df9ccb46b59dc400c8aad7c) Importer(815301076,1909f56bfc062723c751e8b465ee728b)  -> (artifact id: '5dfa067872a51415aa7744db1e6ae2b0') in 0.012580 seconds 
  Import took 0.016819 seconds .

========================================================================
Received Import Request.
  Time since last request: 0.000316 seconds.
  path: Assets/場景素材/Tiles/Tile (7).png
  artifactKey: Guid(501f1b0aad2e4744f9d6bdec1ed2b513) Importer(815301076,1909f56bfc062723c751e8b465ee728b)
Start importing Assets/場景素材/Tiles/Tile (7).png using Guid(501f1b0aad2e4744f9d6bdec1ed2b513) Importer(815301076,1909f56bfc062723c751e8b465ee728b)  -> (artifact id: '87f6c9bc34928f5d3af8a90c62ca2c3a') in 0.014156 seconds 
  Import took 0.018385 seconds .

========================================================================
Received Import Request.
  Time since last request: 0.000268 seconds.
  path: Assets/場景素材/Tiles/Tile (8).png
  artifactKey: Guid(68a3690074b9de0469624d9a364cea0a) Importer(815301076,1909f56bfc062723c751e8b465ee728b)
Start importing Assets/場景素材/Tiles/Tile (8).png using Guid(68a3690074b9de0469624d9a364cea0a) Importer(815301076,1909f56bfc062723c751e8b465ee728b)  -> (artifact id: '3f218339dca5b0ba08031a557ca9cea7') in 0.013239 seconds 
  Import took 0.017693 seconds .

========================================================================
Received Import Request.
  Time since last request: 0.000279 seconds.
  path: Assets/場景素材/Tiles/Tile (15).png
  artifactKey: Guid(afedc74f77ff0674483ebb0c41ea93c0) Importer(815301076,1909f56bfc062723c751e8b465ee728b)
Start importing Assets/場景素材/Tiles/Tile (15).png using Guid(afedc74f77ff0674483ebb0c41ea93c0) Importer(815301076,1909f56bfc062723c751e8b465ee728b)  -> (artifact id: '117f96f3430ee141f38ff5e8621a2906') in 0.013298 seconds 
  Import took 0.017882 seconds .

========================================================================
Received Import Request.
  Time since last request: 0.000343 seconds.
  path: Assets/場景素材/Tiles/Tile (16).png
  artifactKey: Guid(bb1b6e3edfe7efc44a07a50880148c18) Importer(815301076,1909f56bfc062723c751e8b465ee728b)
Start importing Assets/場景素材/Tiles/Tile (16).png using Guid(bb1b6e3edfe7efc44a07a50880148c18) Importer(815301076,1909f56bfc062723c751e8b465ee728b)  -> (artifact id: '6945ea7977ad2577cb8913f58e391b6a') in 0.012912 seconds 
  Import took 0.018421 seconds .

========================================================================
Received Import Request.
  Time since last request: 0.000329 seconds.
  path: Assets/場景素材/Tiles/Tile (5).png
  artifactKey: Guid(9d2383a2c4bfed049be65cd9900ca59c) Importer(815301076,1909f56bfc062723c751e8b465ee728b)
Start importing Assets/場景素材/Tiles/Tile (5).png using Guid(9d2383a2c4bfed049be65cd9900ca59c) Importer(815301076,1909f56bfc062723c751e8b465ee728b)  -> (artifact id: '6901f40ba1637e2442ce5bcf452675f5') in 0.015077 seconds 
  Import took 0.019200 seconds .

========================================================================
Received Import Request.
  Time since last request: 0.000244 seconds.
  path: Assets/場景素材/Tiles/Tile (13).png
  artifactKey: Guid(09232ba9f38ec4d4c9a5e9f2ed408735) Importer(815301076,1909f56bfc062723c751e8b465ee728b)
Start importing Assets/場景素材/Tiles/Tile (13).png using Guid(09232ba9f38ec4d4c9a5e9f2ed408735) Importer(815301076,1909f56bfc062723c751e8b465ee728b)  -> (artifact id: 'ee2e02bb719c14f9a6a6bf8fe3285340') in 0.013450 seconds 
  Import took 0.017839 seconds .

========================================================================
Received Import Request.
  Time since last request: 0.000265 seconds.
  path: Assets/場景素材/Tiles/Tile (10).png
  artifactKey: Guid(b19715336dad3054faa06d82f0014de2) Importer(815301076,1909f56bfc062723c751e8b465ee728b)
Start importing Assets/場景素材/Tiles/Tile (10).png using Guid(b19715336dad3054faa06d82f0014de2) Importer(815301076,1909f56bfc062723c751e8b465ee728b)  -> (artifact id: '8979ae92afb4e17083a0c776a4ba2ce0') in 0.012712 seconds 
  Import took 0.016955 seconds .

========================================================================
Received Import Request.
  Time since last request: 0.000318 seconds.
  path: Assets/場景素材/Tiles/Tile (9).png
  artifactKey: Guid(923ddf8d0eaaba742800543d411fae8c) Importer(815301076,1909f56bfc062723c751e8b465ee728b)
Start importing Assets/場景素材/Tiles/Tile (9).png using Guid(923ddf8d0eaaba742800543d411fae8c) Importer(815301076,1909f56bfc062723c751e8b465ee728b)  -> (artifact id: 'a59ba91bf4bddb45ebc23590b8c87ee9') in 0.013652 seconds 
  Import took 0.018229 seconds .

========================================================================
Received Import Request.
  Time since last request: 0.000333 seconds.
  path: Assets/場景素材/Tiles/Tile (11).png
  artifactKey: Guid(1ade3d942fd2690458d44d4616103357) Importer(815301076,1909f56bfc062723c751e8b465ee728b)
Start importing Assets/場景素材/Tiles/Tile (11).png using Guid(1ade3d942fd2690458d44d4616103357) Importer(815301076,1909f56bfc062723c751e8b465ee728b)  -> (artifact id: 'd42fc4dd71ff76357c269ac99e9e91fc') in 0.013971 seconds 
  Import took 0.018233 seconds .

========================================================================
Received Import Request.
  Time since last request: 0.000286 seconds.
  path: Assets/場景素材/Tiles/Tile (14).png
  artifactKey: Guid(91d82d24299bc4d46b9d6e328ccc4f74) Importer(815301076,1909f56bfc062723c751e8b465ee728b)
Start importing Assets/場景素材/Tiles/Tile (14).png using Guid(91d82d24299bc4d46b9d6e328ccc4f74) Importer(815301076,1909f56bfc062723c751e8b465ee728b)  -> (artifact id: 'd92fefd5e9ebec2016f3b61886bb9faa') in 0.013462 seconds 
  Import took 0.017588 seconds .

========================================================================
Received Import Request.
  Time since last request: 0.000281 seconds.
  path: Assets/場景素材/Tiles/Tile (12).png
  artifactKey: Guid(7b291d8fd5f59244db494ae60ca48dcc) Importer(815301076,1909f56bfc062723c751e8b465ee728b)
Start importing Assets/場景素材/Tiles/Tile (12).png using Guid(7b291d8fd5f59244db494ae60ca48dcc) Importer(815301076,1909f56bfc062723c751e8b465ee728b)  -> (artifact id: 'c41a9f11042b4377378c46b3abda01db') in 0.014434 seconds 
  Import took 0.019168 seconds .

========================================================================
Received Prepare
Registering precompiled user dll's ...
Registered in 0.004695 seconds.
Begin MonoManager ReloadAssembly
Native extension for WindowsStandalone target not found
Refreshing native plugins compatible for Editor in 0.47 ms, found 3 plugins.
Preloading 0 native plugins for Editor in 0.00 ms.
Mono: successfully reloaded assembly
- Completed reload, in  1.035 seconds
Domain Reload Profiling:
	ReloadAssembly (1036ms)
		BeginReloadAssembly (114ms)
			ExecutionOrderSort (0ms)
			DisableScriptedObjects (7ms)
			BackupInstance (0ms)
			ReleaseScriptingObjects (0ms)
			CreateAndSetChildDomain (38ms)
		EndReloadAssembly (857ms)
			LoadAssemblies (96ms)
			RebuildTransferFunctionScriptingTraits (0ms)
			SetupTypeCache (328ms)
			ReleaseScriptCaches (1ms)
			RebuildScriptCaches (40ms)
			SetupLoadedEditorAssemblies (295ms)
				LogAssemblyErrors (0ms)
				InitializePlatformSupportModulesInManaged (4ms)
				SetLoadedEditorAssemblies (0ms)
				RefreshPlugins (1ms)
				BeforeProcessingInitializeOnLoad (82ms)
				ProcessInitializeOnLoadAttributes (193ms)
				ProcessInitializeOnLoadMethodAttributes (11ms)
				AfterProcessingInitializeOnLoad (5ms)
				EditorAssembliesLoaded (0ms)
			ExecutionOrderSort2 (0ms)
			AwakeInstancesAfterBackupRestoration (8ms)
Platform modules already initialized, skipping
Refreshing native plugins compatible for Editor in 0.74 ms, found 3 plugins.
Preloading 0 native plugins for Editor in 0.00 ms.
Unloading 2184 Unused Serialized files (Serialized files now loaded: 0)
System memory in use before: 98.1 MB.
System memory in use after: 98.3 MB.

Unloading 17 unused Assets to reduce memory usage. Loaded Objects now: 2658.
Total: 2.945100 ms (FindLiveObjects: 0.187300 ms CreateObjectMapping: 0.086800 ms MarkObjects: 2.650800 ms  DeleteObjects: 0.019400 ms)

AssetImportParameters requested are different than current active one (requested -> active):
  custom:framework-win-MediaFoundation: 216162199b28c13a410421893ffa2e32 -> 
  custom:video-decoder-ogg-theora: a1e56fd34408186e4bbccfd4996cb3dc -> 
  custom:container-muxer-webm: aa71ff27fc2769a1b78a27578f13a17b -> 
  custom:container-demuxer-webm: 4f35f7cbe854078d1ac9338744f61a02 -> 
  custom:container-demuxer-ogg: 62fdf1f143b41e24485cea50d1cbac27 -> 
  custom:video-encoder-webm-vp8: eb34c28f22e8b96e1ab97ce403110664 -> 
  custom:video-decoder-webm-vp8: 9c59270c3fd7afecdb556c50c9e8de78 -> 
  custom:audio-decoder-ogg-vorbis: bf7c407c2cedff20999df2af8eb42d56 -> 
  custom:audio-encoder-webm-vorbis: bf7c407c2cedff20999df2af8eb42d56 -> 
========================================================================
Received Prepare
Registering precompiled user dll's ...
Registered in 0.005034 seconds.
Begin MonoManager ReloadAssembly
Native extension for WindowsStandalone target not found
Refreshing native plugins compatible for Editor in 0.70 ms, found 3 plugins.
Preloading 0 native plugins for Editor in 0.00 ms.
Mono: successfully reloaded assembly
- Completed reload, in  1.000 seconds
Domain Reload Profiling:
	ReloadAssembly (1001ms)
		BeginReloadAssembly (109ms)
			ExecutionOrderSort (0ms)
			DisableScriptedObjects (7ms)
			BackupInstance (0ms)
			ReleaseScriptingObjects (0ms)
			CreateAndSetChildDomain (38ms)
		EndReloadAssembly (820ms)
			LoadAssemblies (90ms)
			RebuildTransferFunctionScriptingTraits (0ms)
			SetupTypeCache (294ms)
			ReleaseScriptCaches (1ms)
			RebuildScriptCaches (41ms)
			SetupLoadedEditorAssemblies (297ms)
				LogAssemblyErrors (0ms)
				InitializePlatformSupportModulesInManaged (4ms)
				SetLoadedEditorAssemblies (1ms)
				RefreshPlugins (1ms)
				BeforeProcessingInitializeOnLoad (78ms)
				ProcessInitializeOnLoadAttributes (197ms)
				ProcessInitializeOnLoadMethodAttributes (11ms)
				AfterProcessingInitializeOnLoad (5ms)
				EditorAssembliesLoaded (0ms)
			ExecutionOrderSort2 (0ms)
			AwakeInstancesAfterBackupRestoration (8ms)
Platform modules already initialized, skipping
Refreshing native plugins compatible for Editor in 0.80 ms, found 3 plugins.
Preloading 0 native plugins for Editor in 0.00 ms.
Unloading 2184 Unused Serialized files (Serialized files now loaded: 0)
System memory in use before: 98.2 MB.
System memory in use after: 98.3 MB.

Unloading 17 unused Assets to reduce memory usage. Loaded Objects now: 2660.
Total: 2.990300 ms (FindLiveObjects: 0.159400 ms CreateObjectMapping: 0.076800 ms MarkObjects: 2.732900 ms  DeleteObjects: 0.020300 ms)

AssetImportParameters requested are different than current active one (requested -> active):
  custom:framework-win-MediaFoundation: 216162199b28c13a410421893ffa2e32 -> 
  custom:video-decoder-ogg-theora: a1e56fd34408186e4bbccfd4996cb3dc -> 
  custom:container-muxer-webm: aa71ff27fc2769a1b78a27578f13a17b -> 
  custom:container-demuxer-webm: 4f35f7cbe854078d1ac9338744f61a02 -> 
  custom:container-demuxer-ogg: 62fdf1f143b41e24485cea50d1cbac27 -> 
  custom:video-encoder-webm-vp8: eb34c28f22e8b96e1ab97ce403110664 -> 
  custom:video-decoder-webm-vp8: 9c59270c3fd7afecdb556c50c9e8de78 -> 
  custom:audio-decoder-ogg-vorbis: bf7c407c2cedff20999df2af8eb42d56 -> 
  custom:audio-encoder-webm-vorbis: bf7c407c2cedff20999df2af8eb42d56 -> 
========================================================================
Received Prepare
Registering precompiled user dll's ...
Registered in 0.005579 seconds.
Begin MonoManager ReloadAssembly
Native extension for WindowsStandalone target not found
Refreshing native plugins compatible for Editor in 0.49 ms, found 3 plugins.
Preloading 0 native plugins for Editor in 0.00 ms.
Mono: successfully reloaded assembly
- Completed reload, in  1.030 seconds
Domain Reload Profiling:
	ReloadAssembly (1030ms)
		BeginReloadAssembly (111ms)
			ExecutionOrderSort (0ms)
			DisableScriptedObjects (6ms)
			BackupInstance (0ms)
			ReleaseScriptingObjects (0ms)
			CreateAndSetChildDomain (37ms)
		EndReloadAssembly (852ms)
			LoadAssemblies (108ms)
			RebuildTransferFunctionScriptingTraits (0ms)
			SetupTypeCache (312ms)
			ReleaseScriptCaches (1ms)
			RebuildScriptCaches (47ms)
			SetupLoadedEditorAssemblies (284ms)
				LogAssemblyErrors (0ms)
				InitializePlatformSupportModulesInManaged (4ms)
				SetLoadedEditorAssemblies (1ms)
				RefreshPlugins (1ms)
				BeforeProcessingInitializeOnLoad (81ms)
				ProcessInitializeOnLoadAttributes (182ms)
				ProcessInitializeOnLoadMethodAttributes (11ms)
				AfterProcessingInitializeOnLoad (5ms)
				EditorAssembliesLoaded (0ms)
			ExecutionOrderSort2 (0ms)
			AwakeInstancesAfterBackupRestoration (8ms)
Platform modules already initialized, skipping
Refreshing native plugins compatible for Editor in 0.81 ms, found 3 plugins.
Preloading 0 native plugins for Editor in 0.00 ms.
Unloading 2183 Unused Serialized files (Serialized files now loaded: 0)
System memory in use before: 98.2 MB.
System memory in use after: 98.3 MB.

Unloading 18 unused Assets to reduce memory usage. Loaded Objects now: 2661.
Total: 2.989100 ms (FindLiveObjects: 0.182000 ms CreateObjectMapping: 0.077800 ms MarkObjects: 2.710200 ms  DeleteObjects: 0.018300 ms)

AssetImportParameters requested are different than current active one (requested -> active):
  custom:framework-win-MediaFoundation: 216162199b28c13a410421893ffa2e32 -> 
  custom:video-decoder-ogg-theora: a1e56fd34408186e4bbccfd4996cb3dc -> 
  custom:container-muxer-webm: aa71ff27fc2769a1b78a27578f13a17b -> 
  custom:container-demuxer-webm: 4f35f7cbe854078d1ac9338744f61a02 -> 
  custom:container-demuxer-ogg: 62fdf1f143b41e24485cea50d1cbac27 -> 
  custom:video-encoder-webm-vp8: eb34c28f22e8b96e1ab97ce403110664 -> 
  custom:video-decoder-webm-vp8: 9c59270c3fd7afecdb556c50c9e8de78 -> 
  custom:audio-decoder-ogg-vorbis: bf7c407c2cedff20999df2af8eb42d56 -> 
  custom:audio-encoder-webm-vorbis: bf7c407c2cedff20999df2af8eb42d56 -> 
========================================================================
Received Import Request.
  Time since last request: 4023.338940 seconds.
  path: Assets/場景素材
  artifactKey: Guid(6d33f460814aa124288209c07d08caa0) Importer(815301076,1909f56bfc062723c751e8b465ee728b)
Start importing Assets/場景素材 using Guid(6d33f460814aa124288209c07d08caa0) Importer(815301076,1909f56bfc062723c751e8b465ee728b)  -> (artifact id: 'e74d292bd72687fdbc7a9a16891f9a51') in 0.010337 seconds 
  Import took 0.016469 seconds .

========================================================================
Received Import Request.
  Time since last request: 359.225183 seconds.
  path: Assets/場景素材/Tiles
  artifactKey: Guid(f48fd50fdae3acc4d9a217ee2523f310) Importer(815301076,1909f56bfc062723c751e8b465ee728b)
Start importing Assets/場景素材/Tiles using Guid(f48fd50fdae3acc4d9a217ee2523f310) Importer(815301076,1909f56bfc062723c751e8b465ee728b)  -> (artifact id: 'c569f1389cf93c479fa1e7deba61783b') in 0.004479 seconds 
  Import took 0.011056 seconds .

========================================================================
Received Import Request.
  Time since last request: 1535.491997 seconds.
  path: Assets/jf-openhuninn-1.1.ttf
  artifactKey: Guid(545e7263f34528d46a66dcb70e6ac6ad) Importer(815301076,1909f56bfc062723c751e8b465ee728b)
Start importing Assets/jf-openhuninn-1.1.ttf using Guid(545e7263f34528d46a66dcb70e6ac6ad) Importer(815301076,1909f56bfc062723c751e8b465ee728b)  -> (artifact id: '1aeca1fe9e416b5de72d485cf244b643') in 0.109379 seconds 
  Import took 0.116335 seconds .

========================================================================
Received Prepare
Registering precompiled user dll's ...
Registered in 0.005718 seconds.
Begin MonoManager ReloadAssembly
Native extension for WindowsStandalone target not found
Refreshing native plugins compatible for Editor in 0.52 ms, found 3 plugins.
Preloading 0 native plugins for Editor in 0.00 ms.
Mono: successfully reloaded assembly
- Completed reload, in  1.030 seconds
Domain Reload Profiling:
	ReloadAssembly (1031ms)
		BeginReloadAssembly (104ms)
			ExecutionOrderSort (0ms)
			DisableScriptedObjects (6ms)
			BackupInstance (0ms)
			ReleaseScriptingObjects (0ms)
			CreateAndSetChildDomain (36ms)
		EndReloadAssembly (870ms)
			LoadAssemblies (85ms)
			RebuildTransferFunctionScriptingTraits (0ms)
			SetupTypeCache (290ms)
			ReleaseScriptCaches (1ms)
			RebuildScriptCaches (44ms)
			SetupLoadedEditorAssemblies (296ms)
				LogAssemblyErrors (0ms)
				InitializePlatformSupportModulesInManaged (4ms)
				SetLoadedEditorAssemblies (1ms)
				RefreshPlugins (1ms)
				BeforeProcessingInitializeOnLoad (80ms)
				ProcessInitializeOnLoadAttributes (195ms)
				ProcessInitializeOnLoadMethodAttributes (10ms)
				AfterProcessingInitializeOnLoad (5ms)
				EditorAssembliesLoaded (0ms)
			ExecutionOrderSort2 (0ms)
			AwakeInstancesAfterBackupRestoration (8ms)
Platform modules already initialized, skipping
Refreshing native plugins compatible for Editor in 0.53 ms, found 3 plugins.
Preloading 0 native plugins for Editor in 0.00 ms.
Unloading 2183 Unused Serialized files (Serialized files now loaded: 0)
System memory in use before: 98.6 MB.
System memory in use after: 98.7 MB.

Unloading 17 unused Assets to reduce memory usage. Loaded Objects now: 2704.
Total: 3.162300 ms (FindLiveObjects: 0.200200 ms CreateObjectMapping: 0.089000 ms MarkObjects: 2.823300 ms  DeleteObjects: 0.048600 ms)

AssetImportParameters requested are different than current active one (requested -> active):
  custom:framework-win-MediaFoundation: 216162199b28c13a410421893ffa2e32 -> 
  custom:video-decoder-ogg-theora: a1e56fd34408186e4bbccfd4996cb3dc -> 
  custom:container-muxer-webm: aa71ff27fc2769a1b78a27578f13a17b -> 
  custom:container-demuxer-webm: 4f35f7cbe854078d1ac9338744f61a02 -> 
  custom:container-demuxer-ogg: 62fdf1f143b41e24485cea50d1cbac27 -> 
  custom:video-encoder-webm-vp8: eb34c28f22e8b96e1ab97ce403110664 -> 
  custom:video-decoder-webm-vp8: 9c59270c3fd7afecdb556c50c9e8de78 -> 
  custom:audio-decoder-ogg-vorbis: bf7c407c2cedff20999df2af8eb42d56 -> 
  custom:audio-encoder-webm-vorbis: bf7c407c2cedff20999df2af8eb42d56 -> 
========================================================================
Received Prepare
Registering precompiled user dll's ...
Registered in 0.004548 seconds.
Begin MonoManager ReloadAssembly
Native extension for WindowsStandalone target not found
Refreshing native plugins compatible for Editor in 0.68 ms, found 3 plugins.
Preloading 0 native plugins for Editor in 0.00 ms.
Mono: successfully reloaded assembly
- Completed reload, in  1.034 seconds
Domain Reload Profiling:
	ReloadAssembly (1034ms)
		BeginReloadAssembly (108ms)
			ExecutionOrderSort (0ms)
			DisableScriptedObjects (6ms)
			BackupInstance (0ms)
			ReleaseScriptingObjects (0ms)
			CreateAndSetChildDomain (36ms)
		EndReloadAssembly (865ms)
			LoadAssemblies (91ms)
			RebuildTransferFunctionScriptingTraits (0ms)
			SetupTypeCache (299ms)
			ReleaseScriptCaches (1ms)
			RebuildScriptCaches (43ms)
			SetupLoadedEditorAssemblies (293ms)
				LogAssemblyErrors (0ms)
				InitializePlatformSupportModulesInManaged (5ms)
				SetLoadedEditorAssemblies (1ms)
				RefreshPlugins (1ms)
				BeforeProcessingInitializeOnLoad (80ms)
				ProcessInitializeOnLoadAttributes (190ms)
				ProcessInitializeOnLoadMethodAttributes (11ms)
				AfterProcessingInitializeOnLoad (5ms)
				EditorAssembliesLoaded (0ms)
			ExecutionOrderSort2 (0ms)
			AwakeInstancesAfterBackupRestoration (8ms)
Platform modules already initialized, skipping
Refreshing native plugins compatible for Editor in 0.53 ms, found 3 plugins.
Preloading 0 native plugins for Editor in 0.00 ms.
Unloading 2183 Unused Serialized files (Serialized files now loaded: 0)
System memory in use before: 98.6 MB.
System memory in use after: 98.7 MB.

Unloading 17 unused Assets to reduce memory usage. Loaded Objects now: 2706.
Total: 2.970900 ms (FindLiveObjects: 0.205500 ms CreateObjectMapping: 0.075600 ms MarkObjects: 2.643100 ms  DeleteObjects: 0.045900 ms)

AssetImportParameters requested are different than current active one (requested -> active):
  custom:framework-win-MediaFoundation: 216162199b28c13a410421893ffa2e32 -> 
  custom:video-decoder-ogg-theora: a1e56fd34408186e4bbccfd4996cb3dc -> 
  custom:container-muxer-webm: aa71ff27fc2769a1b78a27578f13a17b -> 
  custom:container-demuxer-webm: 4f35f7cbe854078d1ac9338744f61a02 -> 
  custom:container-demuxer-ogg: 62fdf1f143b41e24485cea50d1cbac27 -> 
  custom:video-encoder-webm-vp8: eb34c28f22e8b96e1ab97ce403110664 -> 
  custom:video-decoder-webm-vp8: 9c59270c3fd7afecdb556c50c9e8de78 -> 
  custom:audio-decoder-ogg-vorbis: bf7c407c2cedff20999df2af8eb42d56 -> 
  custom:audio-encoder-webm-vorbis: bf7c407c2cedff20999df2af8eb42d56 -> 
========================================================================
Received Prepare
Registering precompiled user dll's ...
Registered in 0.004974 seconds.
Begin MonoManager ReloadAssembly
Native extension for WindowsStandalone target not found
Refreshing native plugins compatible for Editor in 0.64 ms, found 3 plugins.
Preloading 0 native plugins for Editor in 0.00 ms.
Mono: successfully reloaded assembly
- Completed reload, in  0.998 seconds
Domain Reload Profiling:
	ReloadAssembly (998ms)
		BeginReloadAssembly (101ms)
			ExecutionOrderSort (0ms)
			DisableScriptedObjects (6ms)
			BackupInstance (0ms)
			ReleaseScriptingObjects (0ms)
			CreateAndSetChildDomain (33ms)
		EndReloadAssembly (838ms)
			LoadAssemblies (86ms)
			RebuildTransferFunctionScriptingTraits (0ms)
			SetupTypeCache (291ms)
			ReleaseScriptCaches (2ms)
			RebuildScriptCaches (58ms)
			SetupLoadedEditorAssemblies (290ms)
				LogAssemblyErrors (0ms)
				InitializePlatformSupportModulesInManaged (4ms)
				SetLoadedEditorAssemblies (0ms)
				RefreshPlugins (1ms)
				BeforeProcessingInitializeOnLoad (83ms)
				ProcessInitializeOnLoadAttributes (185ms)
				ProcessInitializeOnLoadMethodAttributes (11ms)
				AfterProcessingInitializeOnLoad (6ms)
				EditorAssembliesLoaded (0ms)
			ExecutionOrderSort2 (0ms)
			AwakeInstancesAfterBackupRestoration (8ms)
Platform modules already initialized, skipping
Refreshing native plugins compatible for Editor in 0.52 ms, found 3 plugins.
Preloading 0 native plugins for Editor in 0.00 ms.
Unloading 2183 Unused Serialized files (Serialized files now loaded: 0)
System memory in use before: 98.6 MB.
System memory in use after: 98.7 MB.

Unloading 17 unused Assets to reduce memory usage. Loaded Objects now: 2708.
Total: 2.867600 ms (FindLiveObjects: 0.187100 ms CreateObjectMapping: 0.086800 ms MarkObjects: 2.557100 ms  DeleteObjects: 0.035500 ms)

AssetImportParameters requested are different than current active one (requested -> active):
  custom:framework-win-MediaFoundation: 216162199b28c13a410421893ffa2e32 -> 
  custom:video-decoder-ogg-theora: a1e56fd34408186e4bbccfd4996cb3dc -> 
  custom:container-muxer-webm: aa71ff27fc2769a1b78a27578f13a17b -> 
  custom:container-demuxer-webm: 4f35f7cbe854078d1ac9338744f61a02 -> 
  custom:container-demuxer-ogg: 62fdf1f143b41e24485cea50d1cbac27 -> 
  custom:video-encoder-webm-vp8: eb34c28f22e8b96e1ab97ce403110664 -> 
  custom:video-decoder-webm-vp8: 9c59270c3fd7afecdb556c50c9e8de78 -> 
  custom:audio-decoder-ogg-vorbis: bf7c407c2cedff20999df2af8eb42d56 -> 
  custom:audio-encoder-webm-vorbis: bf7c407c2cedff20999df2af8eb42d56 -> 
========================================================================
Received Prepare
Registering precompiled user dll's ...
Registered in 0.007031 seconds.
Begin MonoManager ReloadAssembly
Native extension for WindowsStandalone target not found
Refreshing native plugins compatible for Editor in 0.50 ms, found 3 plugins.
Preloading 0 native plugins for Editor in 0.00 ms.
Mono: successfully reloaded assembly
- Completed reload, in  1.011 seconds
Domain Reload Profiling:
	ReloadAssembly (1012ms)
		BeginReloadAssembly (100ms)
			ExecutionOrderSort (0ms)
			DisableScriptedObjects (6ms)
			BackupInstance (0ms)
			ReleaseScriptingObjects (0ms)
			CreateAndSetChildDomain (33ms)
		EndReloadAssembly (852ms)
			LoadAssemblies (86ms)
			RebuildTransferFunctionScriptingTraits (0ms)
			SetupTypeCache (283ms)
			ReleaseScriptCaches (1ms)
			RebuildScriptCaches (44ms)
			SetupLoadedEditorAssemblies (286ms)
				LogAssemblyErrors (0ms)
				InitializePlatformSupportModulesInManaged (4ms)
				SetLoadedEditorAssemblies (1ms)
				RefreshPlugins (1ms)
				BeforeProcessingInitializeOnLoad (81ms)
				ProcessInitializeOnLoadAttributes (184ms)
				ProcessInitializeOnLoadMethodAttributes (11ms)
				AfterProcessingInitializeOnLoad (5ms)
				EditorAssembliesLoaded (0ms)
			ExecutionOrderSort2 (0ms)
			AwakeInstancesAfterBackupRestoration (8ms)
Platform modules already initialized, skipping
Refreshing native plugins compatible for Editor in 0.59 ms, found 3 plugins.
Preloading 0 native plugins for Editor in 0.00 ms.
Unloading 2183 Unused Serialized files (Serialized files now loaded: 0)
System memory in use before: 98.6 MB.
System memory in use after: 98.7 MB.

Unloading 17 unused Assets to reduce memory usage. Loaded Objects now: 2710.
Total: 3.395200 ms (FindLiveObjects: 0.188100 ms CreateObjectMapping: 0.071200 ms MarkObjects: 3.087900 ms  DeleteObjects: 0.047000 ms)

AssetImportParameters requested are different than current active one (requested -> active):
  custom:framework-win-MediaFoundation: 216162199b28c13a410421893ffa2e32 -> 
  custom:video-decoder-ogg-theora: a1e56fd34408186e4bbccfd4996cb3dc -> 
  custom:container-muxer-webm: aa71ff27fc2769a1b78a27578f13a17b -> 
  custom:container-demuxer-webm: 4f35f7cbe854078d1ac9338744f61a02 -> 
  custom:container-demuxer-ogg: 62fdf1f143b41e24485cea50d1cbac27 -> 
  custom:video-encoder-webm-vp8: eb34c28f22e8b96e1ab97ce403110664 -> 
  custom:video-decoder-webm-vp8: 9c59270c3fd7afecdb556c50c9e8de78 -> 
  custom:audio-decoder-ogg-vorbis: bf7c407c2cedff20999df2af8eb42d56 -> 
  custom:audio-encoder-webm-vorbis: bf7c407c2cedff20999df2af8eb42d56 -> 
========================================================================
Received Prepare
Registering precompiled user dll's ...
Registered in 0.005406 seconds.
Begin MonoManager ReloadAssembly
Native extension for WindowsStandalone target not found
Refreshing native plugins compatible for Editor in 0.79 ms, found 3 plugins.
Preloading 0 native plugins for Editor in 0.00 ms.
Mono: successfully reloaded assembly
- Completed reload, in  1.041 seconds
Domain Reload Profiling:
	ReloadAssembly (1042ms)
		BeginReloadAssembly (119ms)
			ExecutionOrderSort (0ms)
			DisableScriptedObjects (6ms)
			BackupInstance (0ms)
			ReleaseScriptingObjects (0ms)
			CreateAndSetChildDomain (35ms)
		EndReloadAssembly (863ms)
			LoadAssemblies (87ms)
			RebuildTransferFunctionScriptingTraits (0ms)
			SetupTypeCache (322ms)
			ReleaseScriptCaches (1ms)
			RebuildScriptCaches (40ms)
			SetupLoadedEditorAssemblies (309ms)
				LogAssemblyErrors (0ms)
				InitializePlatformSupportModulesInManaged (6ms)
				SetLoadedEditorAssemblies (1ms)
				RefreshPlugins (1ms)
				BeforeProcessingInitializeOnLoad (91ms)
				ProcessInitializeOnLoadAttributes (193ms)
				ProcessInitializeOnLoadMethodAttributes (10ms)
				AfterProcessingInitializeOnLoad (7ms)
				EditorAssembliesLoaded (0ms)
			ExecutionOrderSort2 (0ms)
			AwakeInstancesAfterBackupRestoration (8ms)
Platform modules already initialized, skipping
Refreshing native plugins compatible for Editor in 0.81 ms, found 3 plugins.
Preloading 0 native plugins for Editor in 0.00 ms.
Unloading 2183 Unused Serialized files (Serialized files now loaded: 0)
System memory in use before: 98.6 MB.
System memory in use after: 98.7 MB.

Unloading 17 unused Assets to reduce memory usage. Loaded Objects now: 2712.
Total: 3.367900 ms (FindLiveObjects: 0.209300 ms CreateObjectMapping: 0.180900 ms MarkObjects: 2.942700 ms  DeleteObjects: 0.034200 ms)

AssetImportParameters requested are different than current active one (requested -> active):
  custom:framework-win-MediaFoundation: 216162199b28c13a410421893ffa2e32 -> 
  custom:video-decoder-ogg-theora: a1e56fd34408186e4bbccfd4996cb3dc -> 
  custom:container-muxer-webm: aa71ff27fc2769a1b78a27578f13a17b -> 
  custom:container-demuxer-webm: 4f35f7cbe854078d1ac9338744f61a02 -> 
  custom:container-demuxer-ogg: 62fdf1f143b41e24485cea50d1cbac27 -> 
  custom:video-encoder-webm-vp8: eb34c28f22e8b96e1ab97ce403110664 -> 
  custom:video-decoder-webm-vp8: 9c59270c3fd7afecdb556c50c9e8de78 -> 
  custom:audio-decoder-ogg-vorbis: bf7c407c2cedff20999df2af8eb42d56 -> 
  custom:audio-encoder-webm-vorbis: bf7c407c2cedff20999df2af8eb42d56 -> 
========================================================================
Received Import Request.
  Time since last request: 7062.681021 seconds.
  path: Assets/場景素材/Tiles/Tile (1).png
  artifactKey: Guid(a50669ef0ac326944a4d0aca80d04e9d) Importer(815301076,1909f56bfc062723c751e8b465ee728b)
Start importing Assets/場景素材/Tiles/Tile (1).png using Guid(a50669ef0ac326944a4d0aca80d04e9d) Importer(815301076,1909f56bfc062723c751e8b465ee728b)  -> (artifact id: 'cbc72beb9e177420e995645bfccaa2e0') in 0.064961 seconds 
  Import took 0.069946 seconds .

========================================================================
Received Import Request.
  Time since last request: 55.720732 seconds.
  path: Assets/場景素材/Tiles/Tile (14).png
  artifactKey: Guid(91d82d24299bc4d46b9d6e328ccc4f74) Importer(815301076,1909f56bfc062723c751e8b465ee728b)
Start importing Assets/場景素材/Tiles/Tile (14).png using Guid(91d82d24299bc4d46b9d6e328ccc4f74) Importer(815301076,1909f56bfc062723c751e8b465ee728b)  -> (artifact id: '0c72bc12e5cad62af4dbe553a582cfdb') in 0.012532 seconds 
  Import took 0.016192 seconds .

AssetImportWorkerClient::OnTransportError - code=2 error=End of file
